# JRE version: OpenJDK Runtime Environment (8.0_212-b03) (build 1.8.0_212-8u212-b03-0ubuntu1.18.04.1-b03)
# Java VM: OpenJDK 64-Bit Server VM (25.212-b03 mixed mode linux-amd64 compressed oops)
Heap:
 PSYoungGen      total 446976K, used 213326K [0x00000000d7180000, 0x0000000100000000, 0x0000000100000000)
  eden space 223744K, 0% used [0x00000000d7180000,0x00000000d7180000,0x00000000e4c00000)
  from space 223232K, 95% used [0x00000000e4c00000,0x00000000f1c539e0,0x00000000f2600000)
  to   space 223232K, 0% used [0x00000000f2600000,0x00000000f2600000,0x0000000100000000)
 ParOldGen       total 704512K, used 704237K [0x0000000085400000, 0x00000000b0400000, 0x00000000d7180000)
  object space 704512K, 99% used [0x0000000085400000,0x00000000b03bb6a8,0x00000000b0400000)
 Metaspace       used 2599K, capacity 4486K, committed 4864K, reserved 1056768K
  class space    used 270K, capacity 386K, committed 512K, reserved 1048576K
GC Heap History (10 events):
Event: 1.542 GC heap after
Heap after GC invocations=10 (full 4):
 PSYoungGen      total 279040K, used 106848K [0x00000000d7180000, 0x00000000f2680000, 0x0000000100000000)
  eden space 171520K, 0% used [0x00000000d7180000,0x00000000d7180000,0x00000000e1900000)
  from space 107520K, 99% used [0x00000000e9500000,0x00000000efd58368,0x00000000efe00000)
  to   space 126976K, 0% used [0x00000000e1900000,0x00000000e1900000,0x00000000e9500000)
 ParOldGen       total 457216K, used 279552K [0x0000000085400000, 0x00000000a1280000, 0x00000000d7180000)
  object space 457216K, 61% used [0x0000000085400000,0x0000000096500190,0x00000000a1280000)
 Metaspace       used 2599K, capacity 4486K, committed 4864K, reserved 1056768K
  class space    used 270K, capacity 386K, committed 512K, reserved 1048576K
}
Event: 1.838 GC heap before
{Heap before GC invocations=11 (full 4):
 PSYoungGen      total 279040K, used 278368K [0x00000000d7180000, 0x00000000f2680000, 0x0000000100000000)
  eden space 171520K, 100% used [0x00000000d7180000,0x00000000e1900000,0x00000000e1900000)
  from space 107520K, 99% used [0x00000000e9500000,0x00000000efd58368,0x00000000efe00000)
  to   space 126976K, 0% used [0x00000000e1900000,0x00000000e1900000,0x00000000e9500000)
 ParOldGen       total 457216K, used 279552K [0x0000000085400000, 0x00000000a1280000, 0x00000000d7180000)
  object space 457216K, 61% used [0x0000000085400000,0x0000000096500190,0x00000000a1280000)
 Metaspace       used 2599K, capacity 4486K, committed 4864K, reserved 1056768K
  class space    used 270K, capacity 386K, committed 512K, reserved 1048576K
Event: 15.757 GC heap after
Heap after GC invocations=11 (full 4):
 PSYoungGen      total 298496K, used 126961K [0x00000000d7180000, 0x0000000100000000, 0x0000000100000000)
  eden space 171520K, 0% used [0x00000000d7180000,0x00000000d7180000,0x00000000e1900000)
  from space 126976K, 99% used [0x00000000e1900000,0x00000000e94fc518,0x00000000e9500000)
  to   space 221696K, 0% used [0x00000000f2780000,0x00000000f2780000,0x0000000100000000)
 ParOldGen       total 457216K, used 423968K [0x0000000085400000, 0x00000000a1280000, 0x00000000d7180000)
  object space 457216K, 92% used [0x0000000085400000,0x000000009f208190,0x00000000a1280000)
 Metaspace       used 2599K, capacity 4486K, committed 4864K, reserved 1056768K
  class space    used 270K, capacity 386K, committed 512K, reserved 1048576K
}
Event: 17.735 GC heap before
{Heap before GC invocations=12 (full 5):
 PSYoungGen      total 298496K, used 126961K [0x00000000d7180000, 0x0000000100000000, 0x0000000100000000)
  eden space 171520K, 0% used [0x00000000d7180000,0x00000000d7180000,0x00000000e1900000)
  from space 126976K, 99% used [0x00000000e1900000,0x00000000e94fc518,0x00000000e9500000)
  to   space 221696K, 0% used [0x00000000f2780000,0x00000000f2780000,0x0000000100000000)
 ParOldGen       total 457216K, used 423968K [0x0000000085400000, 0x00000000a1280000, 0x00000000d7180000)
  object space 457216K, 92% used [0x0000000085400000,0x000000009f208190,0x00000000a1280000)
 Metaspace       used 2599K, capacity 4486K, committed 4864K, reserved 1056768K
  class space    used 270K, capacity 386K, committed 512K, reserved 1048576K
Event: 30.543 GC heap after
Heap after GC invocations=12 (full 5):
 PSYoungGen      total 298496K, used 88336K [0x00000000d7180000, 0x0000000100000000, 0x0000000100000000)
  eden space 171520K, 0% used [0x00000000d7180000,0x00000000d7180000,0x00000000e1900000)
  from space 126976K, 69% used [0x00000000e1900000,0x00000000e6f44140,0x00000000e9500000)
  to   space 221696K, 0% used [0x00000000f2780000,0x00000000f2780000,0x0000000100000000)
 ParOldGen       total 676864K, used 457015K [0x0000000085400000, 0x00000000ae900000, 0x00000000d7180000)
  object space 676864K, 67% used [0x0000000085400000,0x00000000a124de38,0x00000000ae900000)
 Metaspace       used 2599K, capacity 4486K, committed 4864K, reserved 1056768K
  class space    used 270K, capacity 386K, committed 512K, reserved 1048576K
}
Event: 34.912 GC heap before
{Heap before GC invocations=13 (full 5):
 PSYoungGen      total 298496K, used 259856K [0x00000000d7180000, 0x0000000100000000, 0x0000000100000000)
  eden space 171520K, 100% used [0x00000000d7180000,0x00000000e1900000,0x00000000e1900000)
  from space 126976K, 69% used [0x00000000e1900000,0x00000000e6f44140,0x00000000e9500000)
  to   space 221696K, 0% used [0x00000000f2780000,0x00000000f2780000,0x0000000100000000)
 ParOldGen       total 676864K, used 457015K [0x0000000085400000, 0x00000000ae900000, 0x00000000d7180000)
  object space 676864K, 67% used [0x0000000085400000,0x00000000a124de38,0x00000000ae900000)
 Metaspace       used 2599K, capacity 4486K, committed 4864K, reserved 1056768K
  class space    used 270K, capacity 386K, committed 512K, reserved 1048576K
Event: 42.673 GC heap after
Heap after GC invocations=13 (full 5):
 PSYoungGen      total 445440K, used 221673K [0x00000000d7180000, 0x0000000100000000, 0x0000000100000000)
  eden space 223744K, 0% used [0x00000000d7180000,0x00000000d7180000,0x00000000e4c00000)
  from space 221696K, 99% used [0x00000000f2780000,0x00000000ffffa798,0x0000000100000000)
  to   space 223232K, 0% used [0x00000000e4c00000,0x00000000e4c00000,0x00000000f2600000)
 ParOldGen       total 676864K, used 490391K [0x0000000085400000, 0x00000000ae900000, 0x00000000d7180000)
  object space 676864K, 72% used [0x0000000085400000,0x00000000a32e5e38,0x00000000ae900000)
 Metaspace       used 2599K, capacity 4486K, committed 4864K, reserved 1056768K
  class space    used 270K, capacity 386K, committed 512K, reserved 1048576K
}
Event: 42.953 GC heap before
{Heap before GC invocations=14 (full 5):
 PSYoungGen      total 445440K, used 445417K [0x00000000d7180000, 0x0000000100000000, 0x0000000100000000)
  eden space 223744K, 100% used [0x00000000d7180000,0x00000000e4c00000,0x00000000e4c00000)
  from space 221696K, 99% used [0x00000000f2780000,0x00000000ffffa798,0x0000000100000000)
  to   space 223232K, 0% used [0x00000000e4c00000,0x00000000e4c00000,0x00000000f2600000)
 ParOldGen       total 676864K, used 490391K [0x0000000085400000, 0x00000000ae900000, 0x00000000d7180000)
  object space 676864K, 72% used [0x0000000085400000,0x00000000a32e5e38,0x00000000ae900000)
 Metaspace       used 2599K, capacity 4486K, committed 4864K, reserved 1056768K
  class space    used 270K, capacity 386K, committed 512K, reserved 1048576K
Event: 47.481 GC heap after
Heap after GC invocations=14 (full 5):
 PSYoungGen      total 446976K, used 223209K [0x00000000d7180000, 0x0000000100000000, 0x0000000100000000)
  eden space 223744K, 0% used [0x00000000d7180000,0x00000000d7180000,0x00000000e4c00000)
  from space 223232K, 99% used [0x00000000e4c00000,0x00000000f25fa798,0x00000000f2600000)
  to   space 223232K, 0% used [0x00000000f2600000,0x00000000f2600000,0x0000000100000000)
 ParOldGen       total 704512K, used 704175K [0x0000000085400000, 0x00000000b0400000, 0x00000000d7180000)
  object space 704512K, 99% used [0x0000000085400000,0x00000000b03abe38,0x00000000b0400000)
 Metaspace       used 2599K, capacity 4486K, committed 4864K, reserved 1056768K
  class space    used 270K, capacity 386K, committed 512K, reserved 1048576K
}
Event: 47.481 GC heap before
{Heap before GC invocations=15 (full 6):
 PSYoungGen      total 446976K, used 223209K [0x00000000d7180000, 0x0000000100000000, 0x0000000100000000)
  eden space 223744K, 0% used [0x00000000d7180000,0x00000000d7180000,0x00000000e4c00000)
  from space 223232K, 99% used [0x00000000e4c00000,0x00000000f25fa798,0x00000000f2600000)
  to   space 223232K, 0% used [0x00000000f2600000,0x00000000f2600000,0x0000000100000000)
 ParOldGen       total 704512K, used 704175K [0x0000000085400000, 0x00000000b0400000, 0x00000000d7180000)
  object space 704512K, 99% used [0x0000000085400000,0x00000000b03abe38,0x00000000b0400000)
 Metaspace       used 2599K, capacity 4486K, committed 4864K, reserved 1056768K
  class space    used 270K, capacity 386K, committed 512K, reserved 1048576K

